Building DAG of jobs...
Using shell: /bin/bash
Provided cores: 1 (use --cores to define parallelism)
Rules claiming more threads will be scaled down.
Job counts:
	count	jobs
	1	all
	2	map_paired_end
	6	trimmomatic
	9

[Wed Nov 11 17:46:48 2020]
rule trimmomatic:
    input: /home/david/SBC/GD1/rawData/AC2_1.fastq, /home/david/SBC/GD1/rawData/AC2_2.fastq
    output: output/transcriptome/reads/trimmomatic/AC2_1.fastq, output/transcriptome/reads/trimmomatic/AC2_2.fastq, output/transcriptome/reads/unpaired/AC2_1.fastq, output/transcriptome/reads/unpaired/AC2_2.fastq
    log: output/log/AC2.trimmomatic.log
    jobid: 11
    benchmark: output/benchmarks/AC2.trimmomatic.benchmark.txt
    wildcards: sample=AC2

Terminating processes on user request, this might take some time.
[Wed Nov 11 17:50:54 2020]
Error in rule trimmomatic:
    jobid: 11
    output: output/transcriptome/reads/trimmomatic/AC2_1.fastq, output/transcriptome/reads/trimmomatic/AC2_2.fastq, output/transcriptome/reads/unpaired/AC2_1.fastq, output/transcriptome/reads/unpaired/AC2_2.fastq
    log: output/log/AC2.trimmomatic.log (check log file(s) for error message)
    shell:
        trimmomatic PE -threads 1 -phred33 /home/david/SBC/GD1/rawData/AC2_1.fastq /home/david/SBC/GD1/rawData/AC2_2.fastq output/transcriptome/reads/trimmomatic/AC2_1.fastq output/transcriptome/reads/unpaired/AC2_1.fastq output/transcriptome/reads/trimmomatic/AC2_2.fastq output/transcriptome/reads/unpaired/AC2_2.fastq ILLUMINACLIP:../utils/adapters/TruSeq3-PE-2.fa:2:30:10 LEADING:3 TRAILING:3 SLIDINGWINDOW:4:15 MINLEN:36 2> output/log/AC2.trimmomatic.log
        (one of the commands exited with non-zero exit code; note that snakemake uses bash strict mode!)

Removing output files of failed job trimmomatic since they might be corrupted:
output/transcriptome/reads/trimmomatic/AC2_1.fastq, output/transcriptome/reads/trimmomatic/AC2_2.fastq, output/transcriptome/reads/unpaired/AC2_1.fastq, output/transcriptome/reads/unpaired/AC2_2.fastq
Complete log: /home/david/SBC/LE3/Praxis/Praxis/.snakemake/log/2020-11-11T174647.878107.snakemake.log
