Building DAG of jobs...
Using shell: /bin/bash
Provided cores: 1 (use --cores to define parallelism)
Rules claiming more threads will be scaled down.
Job counts:
	count	jobs
	1	all
	6	map_paired_end
	7

[Wed Nov 11 17:27:16 2020]
rule map_paired_end:
    input: /home/david/SBC/GD1/rawData/AC2_1.fastq, /home/david/SBC/GD1/rawData/AC2_2.fastq
    output: cat_folder/AC2.fq
    jobid: 5
    wildcards: sample=AC2

[Wed Nov 11 17:27:25 2020]
Finished job 5.
1 of 7 steps (14%) done

[Wed Nov 11 17:27:25 2020]
rule map_paired_end:
    input: /home/david/SBC/GD1/rawData/4H3_1.fastq, /home/david/SBC/GD1/rawData/4H3_2.fastq
    output: cat_folder/4H3.fq
    jobid: 3
    wildcards: sample=4H3

[Wed Nov 11 17:27:35 2020]
Finished job 3.
2 of 7 steps (29%) done

[Wed Nov 11 17:27:36 2020]
rule map_paired_end:
    input: /home/david/SBC/GD1/rawData/AC1_1.fastq, /home/david/SBC/GD1/rawData/AC1_2.fastq
    output: cat_folder/AC1.fq
    jobid: 4
    wildcards: sample=AC1

[Wed Nov 11 17:27:46 2020]
Finished job 4.
3 of 7 steps (43%) done

[Wed Nov 11 17:27:47 2020]
rule map_paired_end:
    input: /home/david/SBC/GD1/rawData/4H2_1.fastq, /home/david/SBC/GD1/rawData/4H2_2.fastq
    output: cat_folder/4H2.fq
    jobid: 2
    wildcards: sample=4H2

[Wed Nov 11 17:28:27 2020]
Finished job 2.
4 of 7 steps (57%) done

[Wed Nov 11 17:28:28 2020]
rule map_paired_end:
    input: /home/david/SBC/GD1/rawData/AC3_1.fastq, /home/david/SBC/GD1/rawData/AC3_2.fastq
    output: cat_folder/AC3.fq
    jobid: 6
    wildcards: sample=AC3

[Wed Nov 11 17:28:55 2020]
Finished job 6.
5 of 7 steps (71%) done

[Wed Nov 11 17:28:55 2020]
rule map_paired_end:
    input: /home/david/SBC/GD1/rawData/4H1_1.fastq, /home/david/SBC/GD1/rawData/4H1_2.fastq
    output: cat_folder/4H1.fq
    jobid: 1
    wildcards: sample=4H1

[Wed Nov 11 17:29:52 2020]
Finished job 1.
6 of 7 steps (86%) done

[Wed Nov 11 17:29:53 2020]
localrule all:
    input: cat_folder/4H1.fq, cat_folder/4H2.fq, cat_folder/4H3.fq, cat_folder/AC1.fq, cat_folder/AC2.fq, cat_folder/AC3.fq
    jobid: 0

[Wed Nov 11 17:29:53 2020]
Finished job 0.
7 of 7 steps (100%) done
Complete log: /home/david/SBC/LE3/Praxis/Praxis/.snakemake/log/2020-11-11T172716.589582.snakemake.log
