Building DAG of jobs...
Using shell: /bin/bash
Provided cores: 24
Rules claiming more threads will be scaled down.
Conda environments: ignored
Job counts:
	count	jobs
	1	all
	1	deseq2
	12	salmon_quant
	1	salmon_quant_table
	12	trimmomatic
	27

[Mon Nov  2 18:31:41 2020]
rule trimmomatic:
    input: transcriptome/reads/untrimmed/EGfast-EG2_1.fastq, transcriptome/reads/untrimmed/EGfast-EG2_2.fastq
    output: transcriptome/reads/trimmomatic/EGfast-EG2_1.fastq, transcriptome/reads/trimmomatic/EGfast-EG2_2.fastq, transcriptome/reads/unpaired/EGfast-EG2_1.fastq, transcriptome/reads/unpaired/EGfast-EG2_2.fastq
    log: log/EGfast-EG2.trimmomatic.log
    jobid: 17
    benchmark: benchmarks/EGfast-EG2.trimmomatic.benchmark.txt
    wildcards: sra_id=EGfast-EG2
    threads: 8

trimmomatic PE -threads 8 -phred33 transcriptome/reads/untrimmed/EGfast-EG2_1.fastq transcriptome/reads/untrimmed/EGfast-EG2_2.fastq transcriptome/reads/trimmomatic/EGfast-EG2_1.fastq transcriptome/reads/unpaired/EGfast-EG2_1.fastq transcriptome/reads/trimmomatic/EGfast-EG2_2.fastq transcriptome/reads/unpaired/EGfast-EG2_2.fastq ILLUMINACLIP:utils/adapters/TruSeq3-PE-2.fa:2:30:10 LEADING:3 TRAILING:3 SLIDINGWINDOW:4:15 MINLEN:36 2> log/EGfast-EG2.trimmomatic.log

[Mon Nov  2 18:31:41 2020]
rule trimmomatic:
    input: transcriptome/reads/untrimmed/EGfast-EG3_1.fastq, transcriptome/reads/untrimmed/EGfast-EG3_2.fastq
    output: transcriptome/reads/trimmomatic/EGfast-EG3_1.fastq, transcriptome/reads/trimmomatic/EGfast-EG3_2.fastq, transcriptome/reads/unpaired/EGfast-EG3_1.fastq, transcriptome/reads/unpaired/EGfast-EG3_2.fastq
    log: log/EGfast-EG3.trimmomatic.log
    jobid: 18
    benchmark: benchmarks/EGfast-EG3.trimmomatic.benchmark.txt
    wildcards: sra_id=EGfast-EG3
    threads: 8

trimmomatic PE -threads 8 -phred33 transcriptome/reads/untrimmed/EGfast-EG3_1.fastq transcriptome/reads/untrimmed/EGfast-EG3_2.fastq transcriptome/reads/trimmomatic/EGfast-EG3_1.fastq transcriptome/reads/unpaired/EGfast-EG3_1.fastq transcriptome/reads/trimmomatic/EGfast-EG3_2.fastq transcriptome/reads/unpaired/EGfast-EG3_2.fastq ILLUMINACLIP:utils/adapters/TruSeq3-PE-2.fa:2:30:10 LEADING:3 TRAILING:3 SLIDINGWINDOW:4:15 MINLEN:36 2> log/EGfast-EG3.trimmomatic.log

[Mon Nov  2 18:31:41 2020]
rule trimmomatic:
    input: transcriptome/reads/untrimmed/wt-GlyAc2_1.fastq, transcriptome/reads/untrimmed/wt-GlyAc2_2.fastq
    output: transcriptome/reads/trimmomatic/wt-GlyAc2_1.fastq, transcriptome/reads/trimmomatic/wt-GlyAc2_2.fastq, transcriptome/reads/unpaired/wt-GlyAc2_1.fastq, transcriptome/reads/unpaired/wt-GlyAc2_2.fastq
    log: log/wt-GlyAc2.trimmomatic.log
    jobid: 26
    benchmark: benchmarks/wt-GlyAc2.trimmomatic.benchmark.txt
    wildcards: sra_id=wt-GlyAc2
    threads: 8

trimmomatic PE -threads 8 -phred33 transcriptome/reads/untrimmed/wt-GlyAc2_1.fastq transcriptome/reads/untrimmed/wt-GlyAc2_2.fastq transcriptome/reads/trimmomatic/wt-GlyAc2_1.fastq transcriptome/reads/unpaired/wt-GlyAc2_1.fastq transcriptome/reads/trimmomatic/wt-GlyAc2_2.fastq transcriptome/reads/unpaired/wt-GlyAc2_2.fastq ILLUMINACLIP:utils/adapters/TruSeq3-PE-2.fa:2:30:10 LEADING:3 TRAILING:3 SLIDINGWINDOW:4:15 MINLEN:36 2> log/wt-GlyAc2.trimmomatic.log
[Mon Nov  2 18:32:24 2020]
Finished job 26.
1 of 27 steps (4%) done

[Mon Nov  2 18:32:24 2020]
rule trimmomatic:
    input: transcriptome/reads/untrimmed/wt-GlyAc3_1.fastq, transcriptome/reads/untrimmed/wt-GlyAc3_2.fastq
    output: transcriptome/reads/trimmomatic/wt-GlyAc3_1.fastq, transcriptome/reads/trimmomatic/wt-GlyAc3_2.fastq, transcriptome/reads/unpaired/wt-GlyAc3_1.fastq, transcriptome/reads/unpaired/wt-GlyAc3_2.fastq
    log: log/wt-GlyAc3.trimmomatic.log
    jobid: 27
    benchmark: benchmarks/wt-GlyAc3.trimmomatic.benchmark.txt
    wildcards: sra_id=wt-GlyAc3
    threads: 8

trimmomatic PE -threads 8 -phred33 transcriptome/reads/untrimmed/wt-GlyAc3_1.fastq transcriptome/reads/untrimmed/wt-GlyAc3_2.fastq transcriptome/reads/trimmomatic/wt-GlyAc3_1.fastq transcriptome/reads/unpaired/wt-GlyAc3_1.fastq transcriptome/reads/trimmomatic/wt-GlyAc3_2.fastq transcriptome/reads/unpaired/wt-GlyAc3_2.fastq ILLUMINACLIP:utils/adapters/TruSeq3-PE-2.fa:2:30:10 LEADING:3 TRAILING:3 SLIDINGWINDOW:4:15 MINLEN:36 2> log/wt-GlyAc3.trimmomatic.log
[Mon Nov  2 18:32:31 2020]
Finished job 17.
2 of 27 steps (7%) done

[Mon Nov  2 18:32:31 2020]
rule salmon_quant:
    input: transcriptome/reads/trimmomatic/wt-GlyAc2_1.fastq, transcriptome/reads/trimmomatic/wt-GlyAc2_2.fastq, reference/salmon_quasi
    output: transcriptome/salmon/wt-GlyAc2_trimmomatic
    log: log/salmon/trimmomatic/wt-GlyAc2.log
    jobid: 13
    benchmark: benchmarks/salmon.quant/trimmomatic/wt-GlyAc2.benchmark.txt
    wildcards: sra_id=wt-GlyAc2, trimmer=trimmomatic
    threads: 8

[Mon Nov  2 18:32:35 2020]
Finished job 18.
3 of 27 steps (11%) done

[Mon Nov  2 18:32:36 2020]
rule trimmomatic:
    input: transcriptome/reads/untrimmed/wt-GlyAc1_1.fastq, transcriptome/reads/untrimmed/wt-GlyAc1_2.fastq
    output: transcriptome/reads/trimmomatic/wt-GlyAc1_1.fastq, transcriptome/reads/trimmomatic/wt-GlyAc1_2.fastq, transcriptome/reads/unpaired/wt-GlyAc1_1.fastq, transcriptome/reads/unpaired/wt-GlyAc1_2.fastq
    log: log/wt-GlyAc1.trimmomatic.log
    jobid: 25
    benchmark: benchmarks/wt-GlyAc1.trimmomatic.benchmark.txt
    wildcards: sra_id=wt-GlyAc1
    threads: 8

trimmomatic PE -threads 8 -phred33 transcriptome/reads/untrimmed/wt-GlyAc1_1.fastq transcriptome/reads/untrimmed/wt-GlyAc1_2.fastq transcriptome/reads/trimmomatic/wt-GlyAc1_1.fastq transcriptome/reads/unpaired/wt-GlyAc1_1.fastq transcriptome/reads/trimmomatic/wt-GlyAc1_2.fastq transcriptome/reads/unpaired/wt-GlyAc1_2.fastq ILLUMINACLIP:utils/adapters/TruSeq3-PE-2.fa:2:30:10 LEADING:3 TRAILING:3 SLIDINGWINDOW:4:15 MINLEN:36 2> log/wt-GlyAc1.trimmomatic.log
[Mon Nov  2 18:33:04 2020]
Finished job 27.
4 of 27 steps (15%) done

[Mon Nov  2 18:33:04 2020]
rule trimmomatic:
    input: transcriptome/reads/untrimmed/wt-EG3_1.fastq, transcriptome/reads/untrimmed/wt-EG3_2.fastq
    output: transcriptome/reads/trimmomatic/wt-EG3_1.fastq, transcriptome/reads/trimmomatic/wt-EG3_2.fastq, transcriptome/reads/unpaired/wt-EG3_1.fastq, transcriptome/reads/unpaired/wt-EG3_2.fastq
    log: log/wt-EG3.trimmomatic.log
    jobid: 24
    benchmark: benchmarks/wt-EG3.trimmomatic.benchmark.txt
    wildcards: sra_id=wt-EG3
    threads: 8

trimmomatic PE -threads 8 -phred33 transcriptome/reads/untrimmed/wt-EG3_1.fastq transcriptome/reads/untrimmed/wt-EG3_2.fastq transcriptome/reads/trimmomatic/wt-EG3_1.fastq transcriptome/reads/unpaired/wt-EG3_1.fastq transcriptome/reads/trimmomatic/wt-EG3_2.fastq transcriptome/reads/unpaired/wt-EG3_2.fastq ILLUMINACLIP:utils/adapters/TruSeq3-PE-2.fa:2:30:10 LEADING:3 TRAILING:3 SLIDINGWINDOW:4:15 MINLEN:36 2> log/wt-EG3.trimmomatic.log
[Mon Nov  2 18:33:16 2020]
Finished job 13.
5 of 27 steps (19%) done

[Mon Nov  2 18:33:16 2020]
rule trimmomatic:
    input: transcriptome/reads/untrimmed/EGfast-EG1_1.fastq, transcriptome/reads/untrimmed/EGfast-EG1_2.fastq
    output: transcriptome/reads/trimmomatic/EGfast-EG1_1.fastq, transcriptome/reads/trimmomatic/EGfast-EG1_2.fastq, transcriptome/reads/unpaired/EGfast-EG1_1.fastq, transcriptome/reads/unpaired/EGfast-EG1_2.fastq
    log: log/EGfast-EG1.trimmomatic.log
    jobid: 15
    benchmark: benchmarks/EGfast-EG1.trimmomatic.benchmark.txt
    wildcards: sra_id=EGfast-EG1
    threads: 8

trimmomatic PE -threads 8 -phred33 transcriptome/reads/untrimmed/EGfast-EG1_1.fastq transcriptome/reads/untrimmed/EGfast-EG1_2.fastq transcriptome/reads/trimmomatic/EGfast-EG1_1.fastq transcriptome/reads/unpaired/EGfast-EG1_1.fastq transcriptome/reads/trimmomatic/EGfast-EG1_2.fastq transcriptome/reads/unpaired/EGfast-EG1_2.fastq ILLUMINACLIP:utils/adapters/TruSeq3-PE-2.fa:2:30:10 LEADING:3 TRAILING:3 SLIDINGWINDOW:4:15 MINLEN:36 2> log/EGfast-EG1.trimmomatic.log
[Mon Nov  2 18:33:23 2020]
Finished job 25.
6 of 27 steps (22%) done

[Mon Nov  2 18:33:23 2020]
rule trimmomatic:
    input: transcriptome/reads/untrimmed/wt-EG1_1.fastq, transcriptome/reads/untrimmed/wt-EG1_2.fastq
    output: transcriptome/reads/trimmomatic/wt-EG1_1.fastq, transcriptome/reads/trimmomatic/wt-EG1_2.fastq, transcriptome/reads/unpaired/wt-EG1_1.fastq, transcriptome/reads/unpaired/wt-EG1_2.fastq
    log: log/wt-EG1.trimmomatic.log
    jobid: 22
    benchmark: benchmarks/wt-EG1.trimmomatic.benchmark.txt
    wildcards: sra_id=wt-EG1
    threads: 8

trimmomatic PE -threads 8 -phred33 transcriptome/reads/untrimmed/wt-EG1_1.fastq transcriptome/reads/untrimmed/wt-EG1_2.fastq transcriptome/reads/trimmomatic/wt-EG1_1.fastq transcriptome/reads/unpaired/wt-EG1_1.fastq transcriptome/reads/trimmomatic/wt-EG1_2.fastq transcriptome/reads/unpaired/wt-EG1_2.fastq ILLUMINACLIP:utils/adapters/TruSeq3-PE-2.fa:2:30:10 LEADING:3 TRAILING:3 SLIDINGWINDOW:4:15 MINLEN:36 2> log/wt-EG1.trimmomatic.log
[Mon Nov  2 18:33:47 2020]
Finished job 24.
7 of 27 steps (26%) done

[Mon Nov  2 18:33:47 2020]
rule salmon_quant:
    input: transcriptome/reads/trimmomatic/wt-EG3_1.fastq, transcriptome/reads/trimmomatic/wt-EG3_2.fastq, reference/salmon_quasi
    output: transcriptome/salmon/wt-EG3_trimmomatic
    log: log/salmon/trimmomatic/wt-EG3.log
    jobid: 11
    benchmark: benchmarks/salmon.quant/trimmomatic/wt-EG3.benchmark.txt
    wildcards: sra_id=wt-EG3, trimmer=trimmomatic
    threads: 8

[Mon Nov  2 18:34:16 2020]
Finished job 15.
8 of 27 steps (30%) done

[Mon Nov  2 18:34:16 2020]
rule trimmomatic:
    input: transcriptome/reads/untrimmed/wt-Ac3_1.fastq, transcriptome/reads/untrimmed/wt-Ac3_2.fastq
    output: transcriptome/reads/trimmomatic/wt-Ac3_1.fastq, transcriptome/reads/trimmomatic/wt-Ac3_2.fastq, transcriptome/reads/unpaired/wt-Ac3_1.fastq, transcriptome/reads/unpaired/wt-Ac3_2.fastq
    log: log/wt-Ac3.trimmomatic.log
    jobid: 21
    benchmark: benchmarks/wt-Ac3.trimmomatic.benchmark.txt
    wildcards: sra_id=wt-Ac3
    threads: 8

trimmomatic PE -threads 8 -phred33 transcriptome/reads/untrimmed/wt-Ac3_1.fastq transcriptome/reads/untrimmed/wt-Ac3_2.fastq transcriptome/reads/trimmomatic/wt-Ac3_1.fastq transcriptome/reads/unpaired/wt-Ac3_1.fastq transcriptome/reads/trimmomatic/wt-Ac3_2.fastq transcriptome/reads/unpaired/wt-Ac3_2.fastq ILLUMINACLIP:utils/adapters/TruSeq3-PE-2.fa:2:30:10 LEADING:3 TRAILING:3 SLIDINGWINDOW:4:15 MINLEN:36 2> log/wt-Ac3.trimmomatic.log
[Mon Nov  2 18:34:24 2020]
Finished job 22.
9 of 27 steps (33%) done

[Mon Nov  2 18:34:24 2020]
rule trimmomatic:
    input: transcriptome/reads/untrimmed/wt-EG2_1.fastq, transcriptome/reads/untrimmed/wt-EG2_2.fastq
    output: transcriptome/reads/trimmomatic/wt-EG2_1.fastq, transcriptome/reads/trimmomatic/wt-EG2_2.fastq, transcriptome/reads/unpaired/wt-EG2_1.fastq, transcriptome/reads/unpaired/wt-EG2_2.fastq
    log: log/wt-EG2.trimmomatic.log
    jobid: 23
    benchmark: benchmarks/wt-EG2.trimmomatic.benchmark.txt
    wildcards: sra_id=wt-EG2
    threads: 8

trimmomatic PE -threads 8 -phred33 transcriptome/reads/untrimmed/wt-EG2_1.fastq transcriptome/reads/untrimmed/wt-EG2_2.fastq transcriptome/reads/trimmomatic/wt-EG2_1.fastq transcriptome/reads/unpaired/wt-EG2_1.fastq transcriptome/reads/trimmomatic/wt-EG2_2.fastq transcriptome/reads/unpaired/wt-EG2_2.fastq ILLUMINACLIP:utils/adapters/TruSeq3-PE-2.fa:2:30:10 LEADING:3 TRAILING:3 SLIDINGWINDOW:4:15 MINLEN:36 2> log/wt-EG2.trimmomatic.log
[Mon Nov  2 18:34:32 2020]
Finished job 11.
10 of 27 steps (37%) done

[Mon Nov  2 18:34:32 2020]
rule salmon_quant:
    input: transcriptome/reads/trimmomatic/wt-EG1_1.fastq, transcriptome/reads/trimmomatic/wt-EG1_2.fastq, reference/salmon_quasi
    output: transcriptome/salmon/wt-EG1_trimmomatic
    log: log/salmon/trimmomatic/wt-EG1.log
    jobid: 9
    benchmark: benchmarks/salmon.quant/trimmomatic/wt-EG1.benchmark.txt
    wildcards: sra_id=wt-EG1, trimmer=trimmomatic
    threads: 8

[Mon Nov  2 18:35:01 2020]
Finished job 21.
11 of 27 steps (41%) done

[Mon Nov  2 18:35:01 2020]
rule salmon_quant:
    input: transcriptome/reads/trimmomatic/wt-Ac3_1.fastq, transcriptome/reads/trimmomatic/wt-Ac3_2.fastq, reference/salmon_quasi
    output: transcriptome/salmon/wt-Ac3_trimmomatic
    log: log/salmon/trimmomatic/wt-Ac3.log
    jobid: 8
    benchmark: benchmarks/salmon.quant/trimmomatic/wt-Ac3.benchmark.txt
    wildcards: sra_id=wt-Ac3, trimmer=trimmomatic
    threads: 8

[Mon Nov  2 18:35:13 2020]
Finished job 23.
12 of 27 steps (44%) done

[Mon Nov  2 18:35:13 2020]
rule trimmomatic:
    input: transcriptome/reads/untrimmed/wt-Ac2_1.fastq, transcriptome/reads/untrimmed/wt-Ac2_2.fastq
    output: transcriptome/reads/trimmomatic/wt-Ac2_1.fastq, transcriptome/reads/trimmomatic/wt-Ac2_2.fastq, transcriptome/reads/unpaired/wt-Ac2_1.fastq, transcriptome/reads/unpaired/wt-Ac2_2.fastq
    log: log/wt-Ac2.trimmomatic.log
    jobid: 20
    benchmark: benchmarks/wt-Ac2.trimmomatic.benchmark.txt
    wildcards: sra_id=wt-Ac2
    threads: 8

trimmomatic PE -threads 8 -phred33 transcriptome/reads/untrimmed/wt-Ac2_1.fastq transcriptome/reads/untrimmed/wt-Ac2_2.fastq transcriptome/reads/trimmomatic/wt-Ac2_1.fastq transcriptome/reads/unpaired/wt-Ac2_1.fastq transcriptome/reads/trimmomatic/wt-Ac2_2.fastq transcriptome/reads/unpaired/wt-Ac2_2.fastq ILLUMINACLIP:utils/adapters/TruSeq3-PE-2.fa:2:30:10 LEADING:3 TRAILING:3 SLIDINGWINDOW:4:15 MINLEN:36 2> log/wt-Ac2.trimmomatic.log
[Mon Nov  2 18:35:20 2020]
Finished job 9.
13 of 27 steps (48%) done

[Mon Nov  2 18:35:20 2020]
rule trimmomatic:
    input: transcriptome/reads/untrimmed/wt-Ac1_1.fastq, transcriptome/reads/untrimmed/wt-Ac1_2.fastq
    output: transcriptome/reads/trimmomatic/wt-Ac1_1.fastq, transcriptome/reads/trimmomatic/wt-Ac1_2.fastq, transcriptome/reads/unpaired/wt-Ac1_1.fastq, transcriptome/reads/unpaired/wt-Ac1_2.fastq
    log: log/wt-Ac1.trimmomatic.log
    jobid: 19
    benchmark: benchmarks/wt-Ac1.trimmomatic.benchmark.txt
    wildcards: sra_id=wt-Ac1
    threads: 8

trimmomatic PE -threads 8 -phred33 transcriptome/reads/untrimmed/wt-Ac1_1.fastq transcriptome/reads/untrimmed/wt-Ac1_2.fastq transcriptome/reads/trimmomatic/wt-Ac1_1.fastq transcriptome/reads/unpaired/wt-Ac1_1.fastq transcriptome/reads/trimmomatic/wt-Ac1_2.fastq transcriptome/reads/unpaired/wt-Ac1_2.fastq ILLUMINACLIP:utils/adapters/TruSeq3-PE-2.fa:2:30:10 LEADING:3 TRAILING:3 SLIDINGWINDOW:4:15 MINLEN:36 2> log/wt-Ac1.trimmomatic.log
[Mon Nov  2 18:35:36 2020]
Finished job 8.
14 of 27 steps (52%) done

[Mon Nov  2 18:35:36 2020]
rule salmon_quant:
    input: transcriptome/reads/trimmomatic/EGfast-EG3_1.fastq, transcriptome/reads/trimmomatic/EGfast-EG3_2.fastq, reference/salmon_quasi
    output: transcriptome/salmon/EGfast-EG3_trimmomatic
    log: log/salmon/trimmomatic/EGfast-EG3.log
    jobid: 5
    benchmark: benchmarks/salmon.quant/trimmomatic/EGfast-EG3.benchmark.txt
    wildcards: sra_id=EGfast-EG3, trimmer=trimmomatic
    threads: 8

[Mon Nov  2 18:36:01 2020]
Finished job 19.
15 of 27 steps (56%) done

[Mon Nov  2 18:36:01 2020]
rule salmon_quant:
    input: transcriptome/reads/trimmomatic/wt-Ac1_1.fastq, transcriptome/reads/trimmomatic/wt-Ac1_2.fastq, reference/salmon_quasi
    output: transcriptome/salmon/wt-Ac1_trimmomatic
    log: log/salmon/trimmomatic/wt-Ac1.log
    jobid: 6
    benchmark: benchmarks/salmon.quant/trimmomatic/wt-Ac1.benchmark.txt
    wildcards: sra_id=wt-Ac1, trimmer=trimmomatic
    threads: 8

[Mon Nov  2 18:36:16 2020]
Finished job 20.
16 of 27 steps (59%) done

[Mon Nov  2 18:36:16 2020]
rule salmon_quant:
    input: transcriptome/reads/trimmomatic/wt-Ac2_1.fastq, transcriptome/reads/trimmomatic/wt-Ac2_2.fastq, reference/salmon_quasi
    output: transcriptome/salmon/wt-Ac2_trimmomatic
    log: log/salmon/trimmomatic/wt-Ac2.log
    jobid: 7
    benchmark: benchmarks/salmon.quant/trimmomatic/wt-Ac2.benchmark.txt
    wildcards: sra_id=wt-Ac2, trimmer=trimmomatic
    threads: 8

[Mon Nov  2 18:36:30 2020]
Finished job 6.
17 of 27 steps (63%) done

[Mon Nov  2 18:36:30 2020]
rule salmon_quant:
    input: transcriptome/reads/trimmomatic/EGfast-EG1_1.fastq, transcriptome/reads/trimmomatic/EGfast-EG1_2.fastq, reference/salmon_quasi
    output: transcriptome/salmon/EGfast-EG1_trimmomatic
    log: log/salmon/trimmomatic/EGfast-EG1.log
    jobid: 3
    benchmark: benchmarks/salmon.quant/trimmomatic/EGfast-EG1.benchmark.txt
    wildcards: sra_id=EGfast-EG1, trimmer=trimmomatic
    threads: 8

[Mon Nov  2 18:36:34 2020]
Finished job 5.
18 of 27 steps (67%) done

[Mon Nov  2 18:36:34 2020]
rule salmon_quant:
    input: transcriptome/reads/trimmomatic/wt-GlyAc3_1.fastq, transcriptome/reads/trimmomatic/wt-GlyAc3_2.fastq, reference/salmon_quasi
    output: transcriptome/salmon/wt-GlyAc3_trimmomatic
    log: log/salmon/trimmomatic/wt-GlyAc3.log
    jobid: 14
    benchmark: benchmarks/salmon.quant/trimmomatic/wt-GlyAc3.benchmark.txt
    wildcards: sra_id=wt-GlyAc3, trimmer=trimmomatic
    threads: 8

[Mon Nov  2 18:36:50 2020]
Finished job 7.
19 of 27 steps (70%) done

[Mon Nov  2 18:36:50 2020]
rule salmon_quant:
    input: transcriptome/reads/trimmomatic/wt-GlyAc1_1.fastq, transcriptome/reads/trimmomatic/wt-GlyAc1_2.fastq, reference/salmon_quasi
    output: transcriptome/salmon/wt-GlyAc1_trimmomatic
    log: log/salmon/trimmomatic/wt-GlyAc1.log
    jobid: 12
    benchmark: benchmarks/salmon.quant/trimmomatic/wt-GlyAc1.benchmark.txt
    wildcards: sra_id=wt-GlyAc1, trimmer=trimmomatic
    threads: 8

[Mon Nov  2 18:37:02 2020]
Finished job 3.
20 of 27 steps (74%) done

[Mon Nov  2 18:37:02 2020]
rule salmon_quant:
    input: transcriptome/reads/trimmomatic/EGfast-EG2_1.fastq, transcriptome/reads/trimmomatic/EGfast-EG2_2.fastq, reference/salmon_quasi
    output: transcriptome/salmon/EGfast-EG2_trimmomatic
    log: log/salmon/trimmomatic/EGfast-EG2.log
    jobid: 4
    benchmark: benchmarks/salmon.quant/trimmomatic/EGfast-EG2.benchmark.txt
    wildcards: sra_id=EGfast-EG2, trimmer=trimmomatic
    threads: 8

[Mon Nov  2 18:37:06 2020]
Finished job 14.
21 of 27 steps (78%) done

[Mon Nov  2 18:37:06 2020]
rule salmon_quant:
    input: transcriptome/reads/trimmomatic/wt-EG2_1.fastq, transcriptome/reads/trimmomatic/wt-EG2_2.fastq, reference/salmon_quasi
    output: transcriptome/salmon/wt-EG2_trimmomatic
    log: log/salmon/trimmomatic/wt-EG2.log
    jobid: 10
    benchmark: benchmarks/salmon.quant/trimmomatic/wt-EG2.benchmark.txt
    wildcards: sra_id=wt-EG2, trimmer=trimmomatic
    threads: 8

[Mon Nov  2 18:37:24 2020]
Finished job 12.
22 of 27 steps (81%) done
[Mon Nov  2 18:37:37 2020]
Finished job 4.
23 of 27 steps (85%) done
[Mon Nov  2 18:37:41 2020]
Finished job 10.
24 of 27 steps (89%) done

[Mon Nov  2 18:37:41 2020]
rule salmon_quant_table:
    input: transcriptome/salmon/EGfast-EG1_trimmomatic, transcriptome/salmon/EGfast-EG2_trimmomatic, transcriptome/salmon/EGfast-EG3_trimmomatic, transcriptome/salmon/wt-Ac1_trimmomatic, transcriptome/salmon/wt-Ac2_trimmomatic, transcriptome/salmon/wt-Ac3_trimmomatic, transcriptome/salmon/wt-EG1_trimmomatic, transcriptome/salmon/wt-EG2_trimmomatic, transcriptome/salmon/wt-EG3_trimmomatic, transcriptome/salmon/wt-GlyAc1_trimmomatic, transcriptome/salmon/wt-GlyAc2_trimmomatic, transcriptome/salmon/wt-GlyAc3_trimmomatic
    output: results/tables/salmon/trimmomatic/counts.tsv
    jobid: 1
    wildcards: trimmer=trimmomatic

[Mon Nov  2 18:37:47 2020]
Finished job 1.
25 of 27 steps (93%) done

[Mon Nov  2 18:37:47 2020]
rule deseq2:
    input: results/tables/salmon/trimmomatic/counts.tsv
    output: results/tables/salmon/trimmomatic/Egfast-EG_wt-Ac.tsv, results/tables/salmon/trimmomatic/Egfast-EG_wt-EG.tsv, results/tables/salmon/trimmomatic/Egfast-EG_wt-GlyAc.tsv, results/tables/salmon/trimmomatic/wt-Ac_wt-EG.tsv, results/tables/salmon/trimmomatic/wt-Ac_wt-GlyAc.tsv, results/tables/salmon/trimmomatic/wt-EG_wt-GlyAc.tsv
    jobid: 2

Rscript --vanilla /home/david/SBC/LE3/Praxis/.snakemake/scripts/tmp2d57j2_x.deseq.R
[Mon Nov  2 18:40:19 2020]
Finished job 2.
26 of 27 steps (96%) done

[Mon Nov  2 18:40:19 2020]
localrule all:
    input: results/tables/salmon/trimmomatic/counts.tsv, results/tables/salmon/trimmomatic/Egfast-EG_wt-Ac.tsv, results/tables/salmon/trimmomatic/Egfast-EG_wt-EG.tsv, results/tables/salmon/trimmomatic/Egfast-EG_wt-GlyAc.tsv, results/tables/salmon/trimmomatic/wt-Ac_wt-EG.tsv, results/tables/salmon/trimmomatic/wt-Ac_wt-GlyAc.tsv, results/tables/salmon/trimmomatic/wt-EG_wt-GlyAc.tsv
    jobid: 0

[Mon Nov  2 18:40:19 2020]
Finished job 0.
27 of 27 steps (100%) done
Complete log: /home/david/SBC/LE3/Praxis/.snakemake/log/2020-11-02T183140.656108.snakemake.log
