Building DAG of jobs...
Using shell: /bin/bash
Provided cores: 2
Rules claiming more threads will be scaled down.
Job counts:
	count	jobs
	1	all
	1	deseq2
	1	salmon_quant_table
	3

[Mon Nov  9 23:13:56 2020]
rule salmon_quant_table:
    input: transcriptome/salmon/EGfast-EG1_trimmomatic, transcriptome/salmon/EGfast-EG2_trimmomatic, transcriptome/salmon/EGfast-EG3_trimmomatic, transcriptome/salmon/wt-Ac1_trimmomatic, transcriptome/salmon/wt-Ac2_trimmomatic, transcriptome/salmon/wt-Ac3_trimmomatic, transcriptome/salmon/wt-EG1_trimmomatic, transcriptome/salmon/wt-EG2_trimmomatic, transcriptome/salmon/wt-EG3_trimmomatic, transcriptome/salmon/wt-GlyAc1_trimmomatic, transcriptome/salmon/wt-GlyAc2_trimmomatic, transcriptome/salmon/wt-GlyAc3_trimmomatic
    output: results/tables/salmon/trimmomatic/counts.tsv
    jobid: 2
    wildcards: trimmer=trimmomatic

[Mon Nov  9 23:13:57 2020]
Finished job 2.
1 of 3 steps (33%) done

[Mon Nov  9 23:13:57 2020]
rule deseq2:
    input: results/tables/salmon/trimmomatic/counts.tsv
    output: results/tables/salmon/trimmomatic/Egfast-EG_wt-Ac.tsv, results/tables/salmon/trimmomatic/Egfast-EG_wt-EG.tsv, results/tables/salmon/trimmomatic/Egfast-EG_wt-GlyAc.tsv, results/tables/salmon/trimmomatic/wt-Ac_wt-EG.tsv, results/tables/salmon/trimmomatic/wt-Ac_wt-GlyAc.tsv, results/tables/salmon/trimmomatic/wt-EG_wt-GlyAc.tsv
    jobid: 1

[Mon Nov  9 23:15:58 2020]
Finished job 1.
2 of 3 steps (67%) done

[Mon Nov  9 23:15:58 2020]
localrule all:
    input: results/tables/salmon/trimmomatic/counts.tsv, results/tables/salmon/trimmomatic/Egfast-EG_wt-Ac.tsv, results/tables/salmon/trimmomatic/Egfast-EG_wt-EG.tsv, results/tables/salmon/trimmomatic/Egfast-EG_wt-GlyAc.tsv, results/tables/salmon/trimmomatic/wt-Ac_wt-EG.tsv, results/tables/salmon/trimmomatic/wt-Ac_wt-GlyAc.tsv, results/tables/salmon/trimmomatic/wt-EG_wt-GlyAc.tsv
    jobid: 0

[Mon Nov  9 23:15:58 2020]
Finished job 0.
3 of 3 steps (100%) done
Complete log: /home/david/SBC/LE3/Praxis/.snakemake/log/2020-11-09T231355.986200.snakemake.log
