Building DAG of jobs...
Using shell: /bin/bash
Provided cores: 16
Rules claiming more threads will be scaled down.
Conda environments: ignored
Job counts:
	count	jobs
	1	all
	1	deseq2
	2

[Mon Nov  2 18:27:05 2020]
rule deseq2:
    input: results/tables/salmon/trimmomatic/counts.tsv
    output: results/tables/salmon/trimmomatic/Egfast-EG_wt-Ac.tsv, results/tables/salmon/trimmomatic/Egfast-EG_wt-EG.tsv, results/tables/salmon/trimmomatic/Egfast-EG_wt-GlyAc.tsv, results/tables/salmon/trimmomatic/wt-Ac_wt-EG.tsv, results/tables/salmon/trimmomatic/wt-Ac_wt-GlyAc.tsv, results/tables/salmon/trimmomatic/wt-EG_wt-GlyAc.tsv
    jobid: 2

Rscript --vanilla /home/david/SBC/LE3/Praxis/.snakemake/scripts/tmpi32ku53o.deseq.R
Terminating processes on user request, this might take some time.
[Mon Nov  2 18:27:11 2020]
Error in rule deseq2:
    jobid: 2
    output: results/tables/salmon/trimmomatic/Egfast-EG_wt-Ac.tsv, results/tables/salmon/trimmomatic/Egfast-EG_wt-EG.tsv, results/tables/salmon/trimmomatic/Egfast-EG_wt-GlyAc.tsv, results/tables/salmon/trimmomatic/wt-Ac_wt-EG.tsv, results/tables/salmon/trimmomatic/wt-Ac_wt-GlyAc.tsv, results/tables/salmon/trimmomatic/wt-EG_wt-GlyAc.tsv

RuleException:
CalledProcessError in line 34 of /home/david/SBC/LE3/Praxis/rules/deseq2.smk:
Command 'set -euo pipefail;  Rscript --vanilla /home/david/SBC/LE3/Praxis/.snakemake/scripts/tmpi32ku53o.deseq.R' returned non-zero exit status 1.
  File "/home/david/miniconda3/envs/Praxis/lib/python3.6/site-packages/snakemake/executors/__init__.py", line 2229, in run_wrapper
  File "/home/david/SBC/LE3/Praxis/rules/deseq2.smk", line 34, in __rule_deseq2
  File "/home/david/miniconda3/envs/Praxis/lib/python3.6/site-packages/snakemake/executors/__init__.py", line 551, in _callback
  File "/home/david/miniconda3/envs/Praxis/lib/python3.6/concurrent/futures/thread.py", line 56, in run
  File "/home/david/miniconda3/envs/Praxis/lib/python3.6/site-packages/snakemake/executors/__init__.py", line 537, in cached_or_run
  File "/home/david/miniconda3/envs/Praxis/lib/python3.6/site-packages/snakemake/executors/__init__.py", line 2241, in run_wrapper
Complete log: /home/david/SBC/LE3/Praxis/.snakemake/log/2020-11-02T182705.006980.snakemake.log
