Building DAG of jobs...
Using shell: /bin/bash
Provided cores: 2
Rules claiming more threads will be scaled down.
Job counts:
	count	jobs
	1	all
	1	deseq2
	1	salmon_index
	12	salmon_quant
	1	salmon_quant_table
	12	trimmomatic
	28

[Mon Nov  9 23:26:31 2020]
rule trimmomatic:
    input: transcriptome/reads/untrimmed/wt-EG1_1.fastq, transcriptome/reads/untrimmed/wt-EG1_2.fastq
    output: results/transcriptome/reads/trimmomatic/wt-EG1_1.fastq, results/transcriptome/reads/trimmomatic/wt-EG1_2.fastq, results/transcriptome/reads/unpaired/wt-EG1_1.fastq, results/transcriptome/reads/unpaired/wt-EG1_2.fastq
    log: results/log/wt-EG1.trimmomatic.log
    jobid: 20
    benchmark: results/benchmarks/wt-EG1.trimmomatic.benchmark.txt
    wildcards: sra_id=wt-EG1
    threads: 2

Terminating processes on user request, this might take some time.
[Mon Nov  9 23:26:41 2020]
Error in rule trimmomatic:
    jobid: 20
    output: results/transcriptome/reads/trimmomatic/wt-EG1_1.fastq, results/transcriptome/reads/trimmomatic/wt-EG1_2.fastq, results/transcriptome/reads/unpaired/wt-EG1_1.fastq, results/transcriptome/reads/unpaired/wt-EG1_2.fastq
    log: results/log/wt-EG1.trimmomatic.log

RuleException:
CalledProcessError in line 39 of /home/david/SBC/LE3/Praxis/rules/quality_control.smk:
Command ' set -euo pipefail;  trimmomatic PE -threads 2 -phred33 transcriptome/reads/untrimmed/wt-EG1_1.fastq transcriptome/reads/untrimmed/wt-EG1_2.fastq results/transcriptome/reads/trimmomatic/wt-EG1_1.fastq results/transcriptome/reads/unpaired/wt-EG1_1.fastq results/transcriptome/reads/trimmomatic/wt-EG1_2.fastq results/transcriptome/reads/unpaired/wt-EG1_2.fastq ILLUMINACLIP:utils/adapters/TruSeq3-PE-2.fa:2:30:10 LEADING:3 TRAILING:3 SLIDINGWINDOW:4:15 MINLEN:36 2> results/log/wt-EG1.trimmomatic.log ' returned non-zero exit status 1.
  File "/home/david/SBC/LE3/Praxis/rules/quality_control.smk", line 39, in __rule_trimmomatic
  File "/home/david/miniconda3/envs/Praxis/lib/python3.6/concurrent/futures/thread.py", line 56, in run
Removing output files of failed job trimmomatic since they might be corrupted:
results/transcriptome/reads/trimmomatic/wt-EG1_1.fastq, results/transcriptome/reads/trimmomatic/wt-EG1_2.fastq, results/transcriptome/reads/unpaired/wt-EG1_1.fastq, results/transcriptome/reads/unpaired/wt-EG1_2.fastq
Complete log: /home/david/SBC/LE3/Praxis/.snakemake/log/2020-11-09T232631.192693.snakemake.log
