Building DAG of jobs...
Using shell: /bin/bash
Provided cores: 16
Rules claiming more threads will be scaled down.
Conda environments: ignored
Job counts:
	count	jobs
	1	all
	1	annotate_fna
	1	deseq2
	1	diamond_blastp
	1	diamond_index
	1	download_uniref
	1	megahit_assemble
	1	prodigal
	1	salmon_index
	12	salmon_quant
	1	salmon_quant_table
	12	trimmomatic
	34

[Mon Nov  2 18:06:56 2020]
rule trimmomatic:
    input: transcriptome/reads/untrimmed/wt_Ac2_1.fastq, transcriptome/reads/untrimmed/wt_Ac2_2.fastq
    output: transcriptome/reads/trimmomatic/wt_Ac2_1.fastq, transcriptome/reads/trimmomatic/wt_Ac2_2.fastq, transcriptome/reads/unpaired/wt_Ac2_1.fastq, transcriptome/reads/unpaired/wt_Ac2_2.fastq
    log: log/wt_Ac2.trimmomatic.log
    jobid: 20
    benchmark: benchmarks/wt_Ac2.trimmomatic.benchmark.txt
    wildcards: sra_id=wt_Ac2
    threads: 8

trimmomatic PE -threads 8 -phred33 transcriptome/reads/untrimmed/wt_Ac2_1.fastq transcriptome/reads/untrimmed/wt_Ac2_2.fastq transcriptome/reads/trimmomatic/wt_Ac2_1.fastq transcriptome/reads/unpaired/wt_Ac2_1.fastq transcriptome/reads/trimmomatic/wt_Ac2_2.fastq transcriptome/reads/unpaired/wt_Ac2_2.fastq ILLUMINACLIP:utils/adapters/TruSeq3-PE-2.fa:2:30:10 LEADING:3 TRAILING:3 SLIDINGWINDOW:4:15 MINLEN:36 2> log/wt_Ac2.trimmomatic.log

[Mon Nov  2 18:06:56 2020]
rule trimmomatic:
    input: transcriptome/reads/untrimmed/wt_EG1_1.fastq, transcriptome/reads/untrimmed/wt_EG1_2.fastq
    output: transcriptome/reads/trimmomatic/wt_EG1_1.fastq, transcriptome/reads/trimmomatic/wt_EG1_2.fastq, transcriptome/reads/unpaired/wt_EG1_1.fastq, transcriptome/reads/unpaired/wt_EG1_2.fastq
    log: log/wt_EG1.trimmomatic.log
    jobid: 22
    benchmark: benchmarks/wt_EG1.trimmomatic.benchmark.txt
    wildcards: sra_id=wt_EG1
    threads: 8

trimmomatic PE -threads 8 -phred33 transcriptome/reads/untrimmed/wt_EG1_1.fastq transcriptome/reads/untrimmed/wt_EG1_2.fastq transcriptome/reads/trimmomatic/wt_EG1_1.fastq transcriptome/reads/unpaired/wt_EG1_1.fastq transcriptome/reads/trimmomatic/wt_EG1_2.fastq transcriptome/reads/unpaired/wt_EG1_2.fastq ILLUMINACLIP:utils/adapters/TruSeq3-PE-2.fa:2:30:10 LEADING:3 TRAILING:3 SLIDINGWINDOW:4:15 MINLEN:36 2> log/wt_EG1.trimmomatic.log
[Mon Nov  2 18:07:37 2020]
Finished job 22.
1 of 34 steps (3%) done

[Mon Nov  2 18:07:38 2020]
rule trimmomatic:
    input: transcriptome/reads/untrimmed/wt_GlyAc3_1.fastq, transcriptome/reads/untrimmed/wt_GlyAc3_2.fastq
    output: transcriptome/reads/trimmomatic/wt_GlyAc3_1.fastq, transcriptome/reads/trimmomatic/wt_GlyAc3_2.fastq, transcriptome/reads/unpaired/wt_GlyAc3_1.fastq, transcriptome/reads/unpaired/wt_GlyAc3_2.fastq
    log: log/wt_GlyAc3.trimmomatic.log
    jobid: 27
    benchmark: benchmarks/wt_GlyAc3.trimmomatic.benchmark.txt
    wildcards: sra_id=wt_GlyAc3
    threads: 8

trimmomatic PE -threads 8 -phred33 transcriptome/reads/untrimmed/wt_GlyAc3_1.fastq transcriptome/reads/untrimmed/wt_GlyAc3_2.fastq transcriptome/reads/trimmomatic/wt_GlyAc3_1.fastq transcriptome/reads/unpaired/wt_GlyAc3_1.fastq transcriptome/reads/trimmomatic/wt_GlyAc3_2.fastq transcriptome/reads/unpaired/wt_GlyAc3_2.fastq ILLUMINACLIP:utils/adapters/TruSeq3-PE-2.fa:2:30:10 LEADING:3 TRAILING:3 SLIDINGWINDOW:4:15 MINLEN:36 2> log/wt_GlyAc3.trimmomatic.log
[Mon Nov  2 18:07:39 2020]
Finished job 20.
2 of 34 steps (6%) done

[Mon Nov  2 18:07:39 2020]
rule trimmomatic:
    input: transcriptome/reads/untrimmed/EGfast_EG3_1.fastq, transcriptome/reads/untrimmed/EGfast_EG3_2.fastq
    output: transcriptome/reads/trimmomatic/EGfast_EG3_1.fastq, transcriptome/reads/trimmomatic/EGfast_EG3_2.fastq, transcriptome/reads/unpaired/EGfast_EG3_1.fastq, transcriptome/reads/unpaired/EGfast_EG3_2.fastq
    log: log/EGfast_EG3.trimmomatic.log
    jobid: 18
    benchmark: benchmarks/EGfast_EG3.trimmomatic.benchmark.txt
    wildcards: sra_id=EGfast_EG3
    threads: 8

trimmomatic PE -threads 8 -phred33 transcriptome/reads/untrimmed/EGfast_EG3_1.fastq transcriptome/reads/untrimmed/EGfast_EG3_2.fastq transcriptome/reads/trimmomatic/EGfast_EG3_1.fastq transcriptome/reads/unpaired/EGfast_EG3_1.fastq transcriptome/reads/trimmomatic/EGfast_EG3_2.fastq transcriptome/reads/unpaired/EGfast_EG3_2.fastq ILLUMINACLIP:utils/adapters/TruSeq3-PE-2.fa:2:30:10 LEADING:3 TRAILING:3 SLIDINGWINDOW:4:15 MINLEN:36 2> log/EGfast_EG3.trimmomatic.log
[Mon Nov  2 18:08:15 2020]
Finished job 27.
3 of 34 steps (9%) done

[Mon Nov  2 18:08:15 2020]
rule trimmomatic:
    input: transcriptome/reads/untrimmed/EGfast_EG1_1.fastq, transcriptome/reads/untrimmed/EGfast_EG1_2.fastq
    output: transcriptome/reads/trimmomatic/EGfast_EG1_1.fastq, transcriptome/reads/trimmomatic/EGfast_EG1_2.fastq, transcriptome/reads/unpaired/EGfast_EG1_1.fastq, transcriptome/reads/unpaired/EGfast_EG1_2.fastq
    log: log/EGfast_EG1.trimmomatic.log
    jobid: 15
    benchmark: benchmarks/EGfast_EG1.trimmomatic.benchmark.txt
    wildcards: sra_id=EGfast_EG1
    threads: 8

trimmomatic PE -threads 8 -phred33 transcriptome/reads/untrimmed/EGfast_EG1_1.fastq transcriptome/reads/untrimmed/EGfast_EG1_2.fastq transcriptome/reads/trimmomatic/EGfast_EG1_1.fastq transcriptome/reads/unpaired/EGfast_EG1_1.fastq transcriptome/reads/trimmomatic/EGfast_EG1_2.fastq transcriptome/reads/unpaired/EGfast_EG1_2.fastq ILLUMINACLIP:utils/adapters/TruSeq3-PE-2.fa:2:30:10 LEADING:3 TRAILING:3 SLIDINGWINDOW:4:15 MINLEN:36 2> log/EGfast_EG1.trimmomatic.log
[Mon Nov  2 18:08:32 2020]
Finished job 18.
4 of 34 steps (12%) done

[Mon Nov  2 18:08:32 2020]
rule trimmomatic:
    input: transcriptome/reads/untrimmed/wt_EG2_1.fastq, transcriptome/reads/untrimmed/wt_EG2_2.fastq
    output: transcriptome/reads/trimmomatic/wt_EG2_1.fastq, transcriptome/reads/trimmomatic/wt_EG2_2.fastq, transcriptome/reads/unpaired/wt_EG2_1.fastq, transcriptome/reads/unpaired/wt_EG2_2.fastq
    log: log/wt_EG2.trimmomatic.log
    jobid: 23
    benchmark: benchmarks/wt_EG2.trimmomatic.benchmark.txt
    wildcards: sra_id=wt_EG2
    threads: 8

trimmomatic PE -threads 8 -phred33 transcriptome/reads/untrimmed/wt_EG2_1.fastq transcriptome/reads/untrimmed/wt_EG2_2.fastq transcriptome/reads/trimmomatic/wt_EG2_1.fastq transcriptome/reads/unpaired/wt_EG2_1.fastq transcriptome/reads/trimmomatic/wt_EG2_2.fastq transcriptome/reads/unpaired/wt_EG2_2.fastq ILLUMINACLIP:utils/adapters/TruSeq3-PE-2.fa:2:30:10 LEADING:3 TRAILING:3 SLIDINGWINDOW:4:15 MINLEN:36 2> log/wt_EG2.trimmomatic.log
[Mon Nov  2 18:09:07 2020]
Finished job 15.
5 of 34 steps (15%) done

[Mon Nov  2 18:09:07 2020]
rule trimmomatic:
    input: transcriptome/reads/untrimmed/wt_Ac3_1.fastq, transcriptome/reads/untrimmed/wt_Ac3_2.fastq
    output: transcriptome/reads/trimmomatic/wt_Ac3_1.fastq, transcriptome/reads/trimmomatic/wt_Ac3_2.fastq, transcriptome/reads/unpaired/wt_Ac3_1.fastq, transcriptome/reads/unpaired/wt_Ac3_2.fastq
    log: log/wt_Ac3.trimmomatic.log
    jobid: 21
    benchmark: benchmarks/wt_Ac3.trimmomatic.benchmark.txt
    wildcards: sra_id=wt_Ac3
    threads: 8

trimmomatic PE -threads 8 -phred33 transcriptome/reads/untrimmed/wt_Ac3_1.fastq transcriptome/reads/untrimmed/wt_Ac3_2.fastq transcriptome/reads/trimmomatic/wt_Ac3_1.fastq transcriptome/reads/unpaired/wt_Ac3_1.fastq transcriptome/reads/trimmomatic/wt_Ac3_2.fastq transcriptome/reads/unpaired/wt_Ac3_2.fastq ILLUMINACLIP:utils/adapters/TruSeq3-PE-2.fa:2:30:10 LEADING:3 TRAILING:3 SLIDINGWINDOW:4:15 MINLEN:36 2> log/wt_Ac3.trimmomatic.log
[Mon Nov  2 18:09:20 2020]
Finished job 23.
6 of 34 steps (18%) done

[Mon Nov  2 18:09:20 2020]
rule trimmomatic:
    input: transcriptome/reads/untrimmed/wt_Ac1_1.fastq, transcriptome/reads/untrimmed/wt_Ac1_2.fastq
    output: transcriptome/reads/trimmomatic/wt_Ac1_1.fastq, transcriptome/reads/trimmomatic/wt_Ac1_2.fastq, transcriptome/reads/unpaired/wt_Ac1_1.fastq, transcriptome/reads/unpaired/wt_Ac1_2.fastq
    log: log/wt_Ac1.trimmomatic.log
    jobid: 19
    benchmark: benchmarks/wt_Ac1.trimmomatic.benchmark.txt
    wildcards: sra_id=wt_Ac1
    threads: 8

trimmomatic PE -threads 8 -phred33 transcriptome/reads/untrimmed/wt_Ac1_1.fastq transcriptome/reads/untrimmed/wt_Ac1_2.fastq transcriptome/reads/trimmomatic/wt_Ac1_1.fastq transcriptome/reads/unpaired/wt_Ac1_1.fastq transcriptome/reads/trimmomatic/wt_Ac1_2.fastq transcriptome/reads/unpaired/wt_Ac1_2.fastq ILLUMINACLIP:utils/adapters/TruSeq3-PE-2.fa:2:30:10 LEADING:3 TRAILING:3 SLIDINGWINDOW:4:15 MINLEN:36 2> log/wt_Ac1.trimmomatic.log
[Mon Nov  2 18:09:44 2020]
Finished job 21.
7 of 34 steps (21%) done

[Mon Nov  2 18:09:44 2020]
rule trimmomatic:
    input: transcriptome/reads/untrimmed/EGfast_EG2_1.fastq, transcriptome/reads/untrimmed/EGfast_EG2_2.fastq
    output: transcriptome/reads/trimmomatic/EGfast_EG2_1.fastq, transcriptome/reads/trimmomatic/EGfast_EG2_2.fastq, transcriptome/reads/unpaired/EGfast_EG2_1.fastq, transcriptome/reads/unpaired/EGfast_EG2_2.fastq
    log: log/EGfast_EG2.trimmomatic.log
    jobid: 17
    benchmark: benchmarks/EGfast_EG2.trimmomatic.benchmark.txt
    wildcards: sra_id=EGfast_EG2
    threads: 8

trimmomatic PE -threads 8 -phred33 transcriptome/reads/untrimmed/EGfast_EG2_1.fastq transcriptome/reads/untrimmed/EGfast_EG2_2.fastq transcriptome/reads/trimmomatic/EGfast_EG2_1.fastq transcriptome/reads/unpaired/EGfast_EG2_1.fastq transcriptome/reads/trimmomatic/EGfast_EG2_2.fastq transcriptome/reads/unpaired/EGfast_EG2_2.fastq ILLUMINACLIP:utils/adapters/TruSeq3-PE-2.fa:2:30:10 LEADING:3 TRAILING:3 SLIDINGWINDOW:4:15 MINLEN:36 2> log/EGfast_EG2.trimmomatic.log
[Mon Nov  2 18:10:03 2020]
Finished job 19.
8 of 34 steps (24%) done

[Mon Nov  2 18:10:03 2020]
rule trimmomatic:
    input: transcriptome/reads/untrimmed/wt_GlyAc2_1.fastq, transcriptome/reads/untrimmed/wt_GlyAc2_2.fastq
    output: transcriptome/reads/trimmomatic/wt_GlyAc2_1.fastq, transcriptome/reads/trimmomatic/wt_GlyAc2_2.fastq, transcriptome/reads/unpaired/wt_GlyAc2_1.fastq, transcriptome/reads/unpaired/wt_GlyAc2_2.fastq
    log: log/wt_GlyAc2.trimmomatic.log
    jobid: 26
    benchmark: benchmarks/wt_GlyAc2.trimmomatic.benchmark.txt
    wildcards: sra_id=wt_GlyAc2
    threads: 8

trimmomatic PE -threads 8 -phred33 transcriptome/reads/untrimmed/wt_GlyAc2_1.fastq transcriptome/reads/untrimmed/wt_GlyAc2_2.fastq transcriptome/reads/trimmomatic/wt_GlyAc2_1.fastq transcriptome/reads/unpaired/wt_GlyAc2_1.fastq transcriptome/reads/trimmomatic/wt_GlyAc2_2.fastq transcriptome/reads/unpaired/wt_GlyAc2_2.fastq ILLUMINACLIP:utils/adapters/TruSeq3-PE-2.fa:2:30:10 LEADING:3 TRAILING:3 SLIDINGWINDOW:4:15 MINLEN:36 2> log/wt_GlyAc2.trimmomatic.log
[Mon Nov  2 18:10:29 2020]
Finished job 17.
9 of 34 steps (26%) done

[Mon Nov  2 18:10:29 2020]
rule trimmomatic:
    input: transcriptome/reads/untrimmed/wt_EG3_1.fastq, transcriptome/reads/untrimmed/wt_EG3_2.fastq
    output: transcriptome/reads/trimmomatic/wt_EG3_1.fastq, transcriptome/reads/trimmomatic/wt_EG3_2.fastq, transcriptome/reads/unpaired/wt_EG3_1.fastq, transcriptome/reads/unpaired/wt_EG3_2.fastq
    log: log/wt_EG3.trimmomatic.log
    jobid: 24
    benchmark: benchmarks/wt_EG3.trimmomatic.benchmark.txt
    wildcards: sra_id=wt_EG3
    threads: 8

trimmomatic PE -threads 8 -phred33 transcriptome/reads/untrimmed/wt_EG3_1.fastq transcriptome/reads/untrimmed/wt_EG3_2.fastq transcriptome/reads/trimmomatic/wt_EG3_1.fastq transcriptome/reads/unpaired/wt_EG3_1.fastq transcriptome/reads/trimmomatic/wt_EG3_2.fastq transcriptome/reads/unpaired/wt_EG3_2.fastq ILLUMINACLIP:utils/adapters/TruSeq3-PE-2.fa:2:30:10 LEADING:3 TRAILING:3 SLIDINGWINDOW:4:15 MINLEN:36 2> log/wt_EG3.trimmomatic.log
[Mon Nov  2 18:10:45 2020]
Finished job 26.
10 of 34 steps (29%) done

[Mon Nov  2 18:10:45 2020]
rule trimmomatic:
    input: transcriptome/reads/untrimmed/wt_GlyAc1_1.fastq, transcriptome/reads/untrimmed/wt_GlyAc1_2.fastq
    output: transcriptome/reads/trimmomatic/wt_GlyAc1_1.fastq, transcriptome/reads/trimmomatic/wt_GlyAc1_2.fastq, transcriptome/reads/unpaired/wt_GlyAc1_1.fastq, transcriptome/reads/unpaired/wt_GlyAc1_2.fastq
    log: log/wt_GlyAc1.trimmomatic.log
    jobid: 25
    benchmark: benchmarks/wt_GlyAc1.trimmomatic.benchmark.txt
    wildcards: sra_id=wt_GlyAc1
    threads: 8

trimmomatic PE -threads 8 -phred33 transcriptome/reads/untrimmed/wt_GlyAc1_1.fastq transcriptome/reads/untrimmed/wt_GlyAc1_2.fastq transcriptome/reads/trimmomatic/wt_GlyAc1_1.fastq transcriptome/reads/unpaired/wt_GlyAc1_1.fastq transcriptome/reads/trimmomatic/wt_GlyAc1_2.fastq transcriptome/reads/unpaired/wt_GlyAc1_2.fastq ILLUMINACLIP:utils/adapters/TruSeq3-PE-2.fa:2:30:10 LEADING:3 TRAILING:3 SLIDINGWINDOW:4:15 MINLEN:36 2> log/wt_GlyAc1.trimmomatic.log
[Mon Nov  2 18:11:17 2020]
Finished job 24.
11 of 34 steps (32%) done

[Mon Nov  2 18:11:17 2020]
rule download_uniref:
    output: reference/uniref90.fasta
    jobid: 45

Terminating processes on user request, this might take some time.
[Mon Nov  2 18:11:30 2020]
Finished job 25.
12 of 34 steps (35%) done
Complete log: /home/david/SBC/LE3/Praxis/.snakemake/log/2020-11-02T180655.531599.snakemake.log
